<?xml version="1.0" encoding="UTF-8"?>
<!DOCTYPE html PUBLIC "-//W3C//DTD XHTML 1.0 Strict//EN" "http://www.w3.org/TR/xhtml1/DTD/xhtml1-strict.dtd">
<html xmlns="http://www.w3.org/1999/xhtml">
<head>
    <title>XX项目测试报告</title>
    <meta name="generator" content="HTMLTestRunner 0.8.2"/>
    <meta http-equiv="Content-Type" content="text/html; charset=UTF-8"/>
    
<style type="text/css" media="screen">
body        { font-family: verdana, arial, helvetica, sans-serif; font-size: 80%; }
table       { font-size: 100%; }
pre         { }

/* -- heading ---------------------------------------------------------------------- */
h1 {
	font-size: 16pt;
	color: gray;
}
.heading {
    margin-top: 0ex;
    margin-bottom: 1ex;
}

.heading .attribute {
    margin-top: 1ex;
    margin-bottom: 0;
}

.heading .description {
    margin-top: 4ex;
    margin-bottom: 6ex;
}

/* -- css div popup ------------------------------------------------------------------------ */
a.popup_link {
}

a.popup_link:hover {
    color: red;
}

.popup_window {
    display: none;
    position: relative;
    left: 0px;
    top: 0px;
    /*border: solid #627173 1px; */
    padding: 10px;
    background-color: #E6E6D6;
    font-family: "Lucida Console", "Courier New", Courier, monospace;
    text-align: left;
    font-size: 8pt;
    width: 500px;
}

}
/* -- report ------------------------------------------------------------------------ */
#show_detail_line {
    margin-top: 3ex;
    margin-bottom: 1ex;
}
#result_table {
    width: 80%;
    border-collapse: collapse;
    border: 1px solid #777;
}
#header_row {
    font-weight: bold;
    color: white;
    background-color: #777;
}
#result_table td {
    border: 1px solid #777;
    padding: 2px;
}
#total_row  { font-weight: bold; }
.passClass  { background-color: #6c6; }
.failClass  { background-color: #c60; }
.errorClass { background-color: #c00; }
.passCase   { color: #6c6; }
.failCase   { color: #c60; font-weight: bold; }
.errorCase  { color: #c00; font-weight: bold; }
.hiddenRow  { display: none; }
.testcase   { margin-left: 2em; }


/* -- ending ---------------------------------------------------------------------- */
#ending {
}

</style>

</head>
<body>
<script language="javascript" type="text/javascript"><!--
output_list = Array();

/* level - 0:Summary; 1:Failed; 2:All */
function showCase(level) {
    trs = document.getElementsByTagName("tr");
    for (var i = 0; i < trs.length; i++) {
        tr = trs[i];
        id = tr.id;
        if (id.substr(0,2) == 'ft') {
            if (level < 1) {
                tr.className = 'hiddenRow';
            }
            else {
                tr.className = '';
            }
        }
        if (id.substr(0,2) == 'pt') {
            if (level > 1) {
                tr.className = '';
            }
            else {
                tr.className = 'hiddenRow';
            }
        }
    }
}


function showClassDetail(cid, count) {
    var id_list = Array(count);
    var toHide = 1;
    for (var i = 0; i < count; i++) {
        tid0 = 't' + cid.substr(1) + '.' + (i+1);
        tid = 'f' + tid0;
        tr = document.getElementById(tid);
        if (!tr) {
            tid = 'p' + tid0;
            tr = document.getElementById(tid);
        }
        id_list[i] = tid;
        if (tr.className) {
            toHide = 0;
        }
    }
    for (var i = 0; i < count; i++) {
        tid = id_list[i];
        if (toHide) {
            document.getElementById('div_'+tid).style.display = 'none'
            document.getElementById(tid).className = 'hiddenRow';
        }
        else {
            document.getElementById(tid).className = '';
        }
    }
}


function showTestDetail(div_id){
    var details_div = document.getElementById(div_id)
    var displayState = details_div.style.display
    // alert(displayState)
    if (displayState != 'block' ) {
        displayState = 'block'
        details_div.style.display = 'block'
    }
    else {
        details_div.style.display = 'none'
    }
}


function html_escape(s) {
    s = s.replace(/&/g,'&amp;');
    s = s.replace(/</g,'&lt;');
    s = s.replace(/>/g,'&gt;');
    return s;
}

/* obsoleted by detail in <div>
function showOutput(id, name) {
    var w = window.open("", //url
                    name,
                    "resizable,scrollbars,status,width=800,height=450");
    d = w.document;
    d.write("<pre>");
    d.write(html_escape(output_list[id]));
    d.write("\n");
    d.write("<a href='javascript:window.close()'>close</a>\n");
    d.write("</pre>\n");
    d.close();
}
*/
--></script>

<div class='heading'>
<h1>XX项目测试报告</h1>
<p class='attribute'><strong>Start Time:</strong> 2019-09-16 11:24:34</p>
<p class='attribute'><strong>Duration:</strong> 0:04:39.077886</p>
<p class='attribute'><strong>Status:</strong> Pass 8 Error 6</p>

<p class='description'>用例执行情况</p>
</div>



<p id='show_detail_line'>Show
<a href='javascript:showCase(0)'>Summary</a>
<a href='javascript:showCase(1)'>Failed</a>
<a href='javascript:showCase(2)'>All</a>
</p>
<table id='result_table'>
<colgroup>
<col align='left' />
<col align='right' />
<col align='right' />
<col align='right' />
<col align='right' />
<col align='right' />
</colgroup>
<tr id='header_row'>
    <td>Test Group/Test case</td>
    <td>Count</td>
    <td>Pass</td>
    <td>Fail</td>
    <td>Error</td>
    <td>View</td>
</tr>

<tr class='passClass'>
    <td>test1_login_case.LoginTest</td>
    <td>4</td>
    <td>4</td>
    <td>0</td>
    <td>0</td>
    <td><a href="javascript:showClassDetail('c1',4)">Detail</a></td>
</tr>

<tr id='pt1.1' class='hiddenRow'>
    <td class='none'><div class='testcase'>test_login_pawd_null: 密码为空登录</div></td>
    <td colspan='5' align='center'>pass</td>
</tr>

<tr id='pt1.2' class='hiddenRow'>
    <td class='none'><div class='testcase'>test_login_success: 用户名、密码正确，登录成功</div></td>
    <td colspan='5' align='center'>pass</td>
</tr>

<tr id='pt1.3' class='hiddenRow'>
    <td class='none'><div class='testcase'>test_login_user_pawd_error: 用户名、密码为错误</div></td>
    <td colspan='5' align='center'>pass</td>
</tr>

<tr id='pt1.4' class='hiddenRow'>
    <td class='none'><div class='testcase'>test_login_user_pawd_null: 用户名、密码为空登录</div></td>
    <td colspan='5' align='center'>pass</td>
</tr>

<tr class='errorClass'>
    <td>test2_driver_case.DriverTest</td>
    <td>10</td>
    <td>4</td>
    <td>0</td>
    <td>6</td>
    <td><a href="javascript:showClassDetail('c2',10)">Detail</a></td>
</tr>

<tr id='ft2.1' class='none'>
    <td class='errorCase'><div class='testcase'>test01_driver_add_name_null: 设备名为空，设备类型父设备</div></td>
    <td colspan='5' align='center'>

    <!--css div popup start-->
    <a class="popup_link" onfocus='this.blur();' href="javascript:showTestDetail('div_ft2.1')" >
        error</a>

    <div id='div_ft2.1' class="popup_window">
        <div style='text-align: right; color:red;cursor:pointer'>
        <a onfocus='this.blur();' onclick="document.getElementById('div_ft2.1').style.display = 'none' " >
           [x]</a>
        </div>
        <pre>
        
ft2.1: Traceback (most recent call last):
  File "F:\Project\zload\wg\automation_wg\testsuits\test2_driver_case.py", line 25, in test01_driver_add_name_null
    page.driver_action_name_null()
  File "F:\Project\zload\wg\automation_wg\pageobjects\driver_page.py", line 53, in driver_action_name_null
    self.driver_types.click()
  File "D:\SoftTest\py37\lib\site-packages\selenium\webdriver\remote\webelement.py", line 80, in click
    self._execute(Command.CLICK_ELEMENT)
  File "D:\SoftTest\py37\lib\site-packages\selenium\webdriver\remote\webelement.py", line 633, in _execute
    return self._parent.execute(command, params)
  File "D:\SoftTest\py37\lib\site-packages\selenium\webdriver\remote\webdriver.py", line 321, in execute
    self.error_handler.check_response(response)
  File "D:\SoftTest\py37\lib\site-packages\selenium\webdriver\remote\errorhandler.py", line 242, in check_response
    raise exception_class(message, screen, stacktrace)
selenium.common.exceptions.WebDriverException: Message: unknown error: Element &lt;input type="text" readonly="readonly" autocomplete="off" placeholder="请选择所属类型" class="el-input__inner" style="border: 2px solid red;"&gt; is not clickable at point (470, 216). Other element would receive the click: &lt;i class="el-select__caret el-input__icon el-icon-arrow-up"&gt;&lt;/i&gt;
  (Session info: headless chrome=77.0.3865.75)
  (Driver info: chromedriver=70.0.3538.67 (9ab0cfab84ded083718d3a4ff830726efd38869f),platform=Windows NT 10.0.17134 x86_64)

Traceback (most recent call last):
  File "F:\Project\zload\wg\automation_wg\testsuits\test2_driver_case.py", line 25, in test01_driver_add_name_null
    page.driver_action_name_null()
  File "F:\Project\zload\wg\automation_wg\pageobjects\driver_page.py", line 53, in driver_action_name_null
    self.driver_types.click()
  File "D:\SoftTest\py37\lib\site-packages\selenium\webdriver\remote\webelement.py", line 80, in click
    self._execute(Command.CLICK_ELEMENT)
  File "D:\SoftTest\py37\lib\site-packages\selenium\webdriver\remote\webelement.py", line 633, in _execute
    return self._parent.execute(command, params)
  File "D:\SoftTest\py37\lib\site-packages\selenium\webdriver\remote\webdriver.py", line 321, in execute
    self.error_handler.check_response(response)
  File "D:\SoftTest\py37\lib\site-packages\selenium\webdriver\remote\errorhandler.py", line 242, in check_response
    raise exception_class(message, screen, stacktrace)
selenium.common.exceptions.WebDriverException: Message: unknown error: Element &lt;input type="text" readonly="readonly" autocomplete="off" placeholder="请选择所属类型" class="el-input__inner" style="border: 2px solid red;"&gt; is not clickable at point (470, 216). Other element would receive the click: &lt;i class="el-select__caret el-input__icon el-icon-arrow-up"&gt;&lt;/i&gt;
  (Session info: headless chrome=77.0.3865.75)
  (Driver info: chromedriver=70.0.3538.67 (9ab0cfab84ded083718d3a4ff830726efd38869f),platform=Windows NT 10.0.17134 x86_64)



        </pre>
    </div>
    <!--css div popup end-->

    </td>
</tr>

<tr id='pt2.2' class='hiddenRow'>
    <td class='none'><div class='testcase'>test02_driver_add_type_null: 设备类型为空</div></td>
    <td colspan='5' align='center'>pass</td>
</tr>

<tr id='ft2.3' class='none'>
    <td class='errorCase'><div class='testcase'>test03_driver_add_success: 添加成功</div></td>
    <td colspan='5' align='center'>

    <!--css div popup start-->
    <a class="popup_link" onfocus='this.blur();' href="javascript:showTestDetail('div_ft2.3')" >
        error</a>

    <div id='div_ft2.3' class="popup_window">
        <div style='text-align: right; color:red;cursor:pointer'>
        <a onfocus='this.blur();' onclick="document.getElementById('div_ft2.3').style.display = 'none' " >
           [x]</a>
        </div>
        <pre>
        
ft2.3: Traceback (most recent call last):
  File "F:\Project\zload\wg\automation_wg\testsuits\test2_driver_case.py", line 45, in test03_driver_add_success
    page.driver_action_success('monster')
  File "F:\Project\zload\wg\automation_wg\pageobjects\driver_page.py", line 39, in driver_action_success
    self.driver_types.click()
  File "D:\SoftTest\py37\lib\site-packages\selenium\webdriver\remote\webelement.py", line 80, in click
    self._execute(Command.CLICK_ELEMENT)
  File "D:\SoftTest\py37\lib\site-packages\selenium\webdriver\remote\webelement.py", line 633, in _execute
    return self._parent.execute(command, params)
  File "D:\SoftTest\py37\lib\site-packages\selenium\webdriver\remote\webdriver.py", line 321, in execute
    self.error_handler.check_response(response)
  File "D:\SoftTest\py37\lib\site-packages\selenium\webdriver\remote\errorhandler.py", line 242, in check_response
    raise exception_class(message, screen, stacktrace)
selenium.common.exceptions.WebDriverException: Message: unknown error: Element &lt;input type="text" readonly="readonly" autocomplete="off" placeholder="请选择所属类型" class="el-input__inner" style="border: 2px solid red;"&gt; is not clickable at point (470, 226). Other element would receive the click: &lt;i class="el-select__caret el-input__icon el-icon-arrow-up"&gt;&lt;/i&gt;
  (Session info: headless chrome=77.0.3865.75)
  (Driver info: chromedriver=70.0.3538.67 (9ab0cfab84ded083718d3a4ff830726efd38869f),platform=Windows NT 10.0.17134 x86_64)

Traceback (most recent call last):
  File "F:\Project\zload\wg\automation_wg\testsuits\test2_driver_case.py", line 45, in test03_driver_add_success
    page.driver_action_success('monster')
  File "F:\Project\zload\wg\automation_wg\pageobjects\driver_page.py", line 39, in driver_action_success
    self.driver_types.click()
  File "D:\SoftTest\py37\lib\site-packages\selenium\webdriver\remote\webelement.py", line 80, in click
    self._execute(Command.CLICK_ELEMENT)
  File "D:\SoftTest\py37\lib\site-packages\selenium\webdriver\remote\webelement.py", line 633, in _execute
    return self._parent.execute(command, params)
  File "D:\SoftTest\py37\lib\site-packages\selenium\webdriver\remote\webdriver.py", line 321, in execute
    self.error_handler.check_response(response)
  File "D:\SoftTest\py37\lib\site-packages\selenium\webdriver\remote\errorhandler.py", line 242, in check_response
    raise exception_class(message, screen, stacktrace)
selenium.common.exceptions.WebDriverException: Message: unknown error: Element &lt;input type="text" readonly="readonly" autocomplete="off" placeholder="请选择所属类型" class="el-input__inner" style="border: 2px solid red;"&gt; is not clickable at point (470, 226). Other element would receive the click: &lt;i class="el-select__caret el-input__icon el-icon-arrow-up"&gt;&lt;/i&gt;
  (Session info: headless chrome=77.0.3865.75)
  (Driver info: chromedriver=70.0.3538.67 (9ab0cfab84ded083718d3a4ff830726efd38869f),platform=Windows NT 10.0.17134 x86_64)



        </pre>
    </div>
    <!--css div popup end-->

    </td>
</tr>

<tr id='ft2.4' class='none'>
    <td class='errorCase'><div class='testcase'>test04_driver_add_exits: 添加设备名称已存在</div></td>
    <td colspan='5' align='center'>

    <!--css div popup start-->
    <a class="popup_link" onfocus='this.blur();' href="javascript:showTestDetail('div_ft2.4')" >
        error</a>

    <div id='div_ft2.4' class="popup_window">
        <div style='text-align: right; color:red;cursor:pointer'>
        <a onfocus='this.blur();' onclick="document.getElementById('div_ft2.4').style.display = 'none' " >
           [x]</a>
        </div>
        <pre>
        
ft2.4: Traceback (most recent call last):
  File "F:\Project\zload\wg\automation_wg\testsuits\test2_driver_case.py", line 55, in test04_driver_add_exits
    page.driver_action_success('monster')
  File "F:\Project\zload\wg\automation_wg\pageobjects\driver_page.py", line 39, in driver_action_success
    self.driver_types.click()
  File "D:\SoftTest\py37\lib\site-packages\selenium\webdriver\remote\webelement.py", line 80, in click
    self._execute(Command.CLICK_ELEMENT)
  File "D:\SoftTest\py37\lib\site-packages\selenium\webdriver\remote\webelement.py", line 633, in _execute
    return self._parent.execute(command, params)
  File "D:\SoftTest\py37\lib\site-packages\selenium\webdriver\remote\webdriver.py", line 321, in execute
    self.error_handler.check_response(response)
  File "D:\SoftTest\py37\lib\site-packages\selenium\webdriver\remote\errorhandler.py", line 242, in check_response
    raise exception_class(message, screen, stacktrace)
selenium.common.exceptions.WebDriverException: Message: unknown error: Element &lt;input type="text" readonly="readonly" autocomplete="off" placeholder="请选择所属类型" class="el-input__inner" style="border: 2px solid red;"&gt; is not clickable at point (470, 228). Other element would receive the click: &lt;i class="el-select__caret el-input__icon el-icon-arrow-up"&gt;&lt;/i&gt;
  (Session info: headless chrome=77.0.3865.75)
  (Driver info: chromedriver=70.0.3538.67 (9ab0cfab84ded083718d3a4ff830726efd38869f),platform=Windows NT 10.0.17134 x86_64)

Traceback (most recent call last):
  File "F:\Project\zload\wg\automation_wg\testsuits\test2_driver_case.py", line 55, in test04_driver_add_exits
    page.driver_action_success('monster')
  File "F:\Project\zload\wg\automation_wg\pageobjects\driver_page.py", line 39, in driver_action_success
    self.driver_types.click()
  File "D:\SoftTest\py37\lib\site-packages\selenium\webdriver\remote\webelement.py", line 80, in click
    self._execute(Command.CLICK_ELEMENT)
  File "D:\SoftTest\py37\lib\site-packages\selenium\webdriver\remote\webelement.py", line 633, in _execute
    return self._parent.execute(command, params)
  File "D:\SoftTest\py37\lib\site-packages\selenium\webdriver\remote\webdriver.py", line 321, in execute
    self.error_handler.check_response(response)
  File "D:\SoftTest\py37\lib\site-packages\selenium\webdriver\remote\errorhandler.py", line 242, in check_response
    raise exception_class(message, screen, stacktrace)
selenium.common.exceptions.WebDriverException: Message: unknown error: Element &lt;input type="text" readonly="readonly" autocomplete="off" placeholder="请选择所属类型" class="el-input__inner" style="border: 2px solid red;"&gt; is not clickable at point (470, 228). Other element would receive the click: &lt;i class="el-select__caret el-input__icon el-icon-arrow-up"&gt;&lt;/i&gt;
  (Session info: headless chrome=77.0.3865.75)
  (Driver info: chromedriver=70.0.3538.67 (9ab0cfab84ded083718d3a4ff830726efd38869f),platform=Windows NT 10.0.17134 x86_64)



        </pre>
    </div>
    <!--css div popup end-->

    </td>
</tr>

<tr id='pt2.5' class='hiddenRow'>
    <td class='none'><div class='testcase'>test05_driver_fix_name: 修改设备名称</div></td>
    <td colspan='5' align='center'>pass</td>
</tr>

<tr id='ft2.6' class='none'>
    <td class='errorCase'><div class='testcase'>test06_driver_fix_type: 修改设备类型，改为子设备</div></td>
    <td colspan='5' align='center'>

    <!--css div popup start-->
    <a class="popup_link" onfocus='this.blur();' href="javascript:showTestDetail('div_ft2.6')" >
        error</a>

    <div id='div_ft2.6' class="popup_window">
        <div style='text-align: right; color:red;cursor:pointer'>
        <a onfocus='this.blur();' onclick="document.getElementById('div_ft2.6').style.display = 'none' " >
           [x]</a>
        </div>
        <pre>
        
ft2.6: Traceback (most recent call last):
  File "F:\Project\zload\wg\automation_wg\testsuits\test2_driver_case.py", line 77, in test06_driver_fix_type
    page.driver_fix_type()
  File "F:\Project\zload\wg\automation_wg\pageobjects\driver_page.py", line 108, in driver_fix_type
    self.driver_types.click()
  File "D:\SoftTest\py37\lib\site-packages\selenium\webdriver\remote\webelement.py", line 80, in click
    self._execute(Command.CLICK_ELEMENT)
  File "D:\SoftTest\py37\lib\site-packages\selenium\webdriver\remote\webelement.py", line 633, in _execute
    return self._parent.execute(command, params)
  File "D:\SoftTest\py37\lib\site-packages\selenium\webdriver\remote\webdriver.py", line 321, in execute
    self.error_handler.check_response(response)
  File "D:\SoftTest\py37\lib\site-packages\selenium\webdriver\remote\errorhandler.py", line 242, in check_response
    raise exception_class(message, screen, stacktrace)
selenium.common.exceptions.WebDriverException: Message: unknown error: Element &lt;input type="text" readonly="readonly" autocomplete="off" placeholder="请选择所属类型" class="el-input__inner" style="border: 2px solid red;"&gt; is not clickable at point (470, 216). Other element would receive the click: &lt;i class="el-select__caret el-input__icon el-icon-arrow-up"&gt;&lt;/i&gt;
  (Session info: headless chrome=77.0.3865.75)
  (Driver info: chromedriver=70.0.3538.67 (9ab0cfab84ded083718d3a4ff830726efd38869f),platform=Windows NT 10.0.17134 x86_64)

Traceback (most recent call last):
  File "F:\Project\zload\wg\automation_wg\testsuits\test2_driver_case.py", line 77, in test06_driver_fix_type
    page.driver_fix_type()
  File "F:\Project\zload\wg\automation_wg\pageobjects\driver_page.py", line 108, in driver_fix_type
    self.driver_types.click()
  File "D:\SoftTest\py37\lib\site-packages\selenium\webdriver\remote\webelement.py", line 80, in click
    self._execute(Command.CLICK_ELEMENT)
  File "D:\SoftTest\py37\lib\site-packages\selenium\webdriver\remote\webelement.py", line 633, in _execute
    return self._parent.execute(command, params)
  File "D:\SoftTest\py37\lib\site-packages\selenium\webdriver\remote\webdriver.py", line 321, in execute
    self.error_handler.check_response(response)
  File "D:\SoftTest\py37\lib\site-packages\selenium\webdriver\remote\errorhandler.py", line 242, in check_response
    raise exception_class(message, screen, stacktrace)
selenium.common.exceptions.WebDriverException: Message: unknown error: Element &lt;input type="text" readonly="readonly" autocomplete="off" placeholder="请选择所属类型" class="el-input__inner" style="border: 2px solid red;"&gt; is not clickable at point (470, 216). Other element would receive the click: &lt;i class="el-select__caret el-input__icon el-icon-arrow-up"&gt;&lt;/i&gt;
  (Session info: headless chrome=77.0.3865.75)
  (Driver info: chromedriver=70.0.3538.67 (9ab0cfab84ded083718d3a4ff830726efd38869f),platform=Windows NT 10.0.17134 x86_64)



        </pre>
    </div>
    <!--css div popup end-->

    </td>
</tr>

<tr id='ft2.7' class='none'>
    <td class='errorCase'><div class='testcase'>test07_upmodel_error: 上传错误模型</div></td>
    <td colspan='5' align='center'>

    <!--css div popup start-->
    <a class="popup_link" onfocus='this.blur();' href="javascript:showTestDetail('div_ft2.7')" >
        error</a>

    <div id='div_ft2.7' class="popup_window">
        <div style='text-align: right; color:red;cursor:pointer'>
        <a onfocus='this.blur();' onclick="document.getElementById('div_ft2.7').style.display = 'none' " >
           [x]</a>
        </div>
        <pre>
        
ft2.7: Traceback (most recent call last):
  File "F:\Project\zload\wg\automation_wg\testsuits\test2_driver_case.py", line 91, in test07_upmodel_error
    self.assertEqual(page.up_hint(),'所选文件必须包含obj文件')
  File "F:\Project\zload\wg\automation_wg\pageobjects\driver_page.py", line 198, in up_hint
    return self.msg_text.text
AttributeError: 'NoneType' object has no attribute 'text'
Traceback (most recent call last):
  File "F:\Project\zload\wg\automation_wg\testsuits\test2_driver_case.py", line 91, in test07_upmodel_error
    self.assertEqual(page.up_hint(),'所选文件必须包含obj文件')
  File "F:\Project\zload\wg\automation_wg\pageobjects\driver_page.py", line 198, in up_hint
    return self.msg_text.text
AttributeError: 'NoneType' object has no attribute 'text'


        </pre>
    </div>
    <!--css div popup end-->

    </td>
</tr>

<tr id='ft2.8' class='none'>
    <td class='errorCase'><div class='testcase'>test08_upphoto_success: 上传图片成功</div></td>
    <td colspan='5' align='center'>

    <!--css div popup start-->
    <a class="popup_link" onfocus='this.blur();' href="javascript:showTestDetail('div_ft2.8')" >
        error</a>

    <div id='div_ft2.8' class="popup_window">
        <div style='text-align: right; color:red;cursor:pointer'>
        <a onfocus='this.blur();' onclick="document.getElementById('div_ft2.8').style.display = 'none' " >
           [x]</a>
        </div>
        <pre>
        
ft2.8: Traceback (most recent call last):
  File "F:\Project\zload\wg\automation_wg\testsuits\test2_driver_case.py", line 100, in test08_upphoto_success
    self.assertEqual(page.up_hint(),'上传成功!')
  File "F:\Project\zload\wg\automation_wg\pageobjects\driver_page.py", line 198, in up_hint
    return self.msg_text.text
AttributeError: 'NoneType' object has no attribute 'text'
Traceback (most recent call last):
  File "F:\Project\zload\wg\automation_wg\testsuits\test2_driver_case.py", line 100, in test08_upphoto_success
    self.assertEqual(page.up_hint(),'上传成功!')
  File "F:\Project\zload\wg\automation_wg\pageobjects\driver_page.py", line 198, in up_hint
    return self.msg_text.text
AttributeError: 'NoneType' object has no attribute 'text'


        </pre>
    </div>
    <!--css div popup end-->

    </td>
</tr>

<tr id='pt2.9' class='hiddenRow'>
    <td class='none'><div class='testcase'>test09_1driver_del_cannel: 取消删除</div></td>
    <td colspan='5' align='center'>pass</td>
</tr>

<tr id='pt2.10' class='hiddenRow'>
    <td class='none'><div class='testcase'>test09_2driver_del_affirm: 删除成功</div></td>
    <td colspan='5' align='center'>pass</td>
</tr>

<tr id='total_row'>
    <td>Total</td>
    <td>14</td>
    <td>8</td>
    <td>0</td>
    <td>6</td>
    <td>&nbsp;</td>
</tr>
</table>

<div id='ending'>&nbsp;</div>

</body>
</html>
